<?xml version="1.0" encoding="UTF-8"?>
<robot generator="Robot 4.1.1 (Python 3.8.10 on linux)" generated="20211210 13:21:06.103" rpa="false" schemaversion="2">
<suite id="s1" name="testTransmissionSpeed" source="/var/lib/jenkins/test_repository/OBU-vOBU-3/tests/transmission_speed/testTransmissionSpeed.robot">
<test id="s1-t1" name="Testing the transmission speed">
<kw name="Run Keyword If" library="BuiltIn">
<var>${COMPARATOR}</var>
<arg>'%{transmission_speed_comparator}' == 'more_than'</arg>
<arg>Set Variable</arg>
<arg>&gt;</arg>
<arg>ELSE IF</arg>
<arg>'%{transmission_speed_comparator}' == 'more_or_equal_than'</arg>
<arg>Set Variable</arg>
<arg>&gt;=</arg>
<arg>ELSE IF</arg>
<arg>'%{transmission_speed_comparator}' == 'less_than'</arg>
<arg>Set Variable</arg>
<arg>&lt;</arg>
<arg>ELSE IF</arg>
<arg>'%{transmission_speed_comparator}' == 'less_or_equal_than'</arg>
<arg>Set Variable</arg>
<arg>&lt;=</arg>
<arg>ELSE</arg>
<arg>Fail</arg>
<arg>\nComparator has not been defined</arg>
<doc>Runs the given keyword with the given arguments, if ``condition`` is true.</doc>
<kw name="Set Variable" library="BuiltIn">
<arg>&lt;=</arg>
<doc>Returns the given values which can then be assigned to a variables.</doc>
<status status="PASS" starttime="20211210 13:21:06.250" endtime="20211210 13:21:06.250"/>
</kw>
<msg timestamp="20211210 13:21:06.251" level="INFO">${COMPARATOR} = &lt;=</msg>
<status status="PASS" starttime="20211210 13:21:06.249" endtime="20211210 13:21:06.251"/>
</kw>
<kw name="Transmission Speed" library="TransmissionSpeed">
<var>${milliseconds}</var>
<msg timestamp="20211210 13:21:11.076" level="INFO">PING 10.0.12.239 (10.0.12.239) 56(84) bytes of data.
64 bytes from 10.0.12.239: icmp_seq=1 ttl=64 time=1.04 ms
64 bytes from 10.0.12.239: icmp_seq=2 ttl=64 time=0.692 ms
64 bytes from 10.0.12.239: icmp_seq=3 ttl=64 time=0.459 ms
64 bytes from 10.0.12.239: icmp_seq=4 ttl=64 time=0.445 ms
64 bytes from 10.0.12.239: icmp_seq=5 ttl=64 time=0.405 ms

--- 10.0.12.239 ping statistics ---
5 packets transmitted, 5 received, 0% packet loss, time 4066ms
rtt min/avg/max/mdev = 0.405/0.607/1.038/0.237 ms

AVG: 0.607</msg>
<msg timestamp="20211210 13:21:11.076" level="INFO">${milliseconds} = 0.607</msg>
<status status="PASS" starttime="20211210 13:21:06.251" endtime="20211210 13:21:11.076"/>
</kw>
<if>
<branch type="IF" condition="'${milliseconds}' != '-1'">
<kw name="Should Be True" library="BuiltIn">
<arg>${milliseconds} ${COMPARATOR} %{transmission_speed_threshold}</arg>
<doc>Fails if the given condition is not true.</doc>
<status status="PASS" starttime="20211210 13:21:11.078" endtime="20211210 13:21:11.079"/>
</kw>
<status status="PASS" starttime="20211210 13:21:11.077" endtime="20211210 13:21:11.079"/>
</branch>
<branch type="ELSE">
<kw name="Fail" library="BuiltIn">
<arg>\nImpossible to compute transmission speed</arg>
<doc>Fails the test with the given message and optionally alters its tags.</doc>
<status status="NOT RUN" starttime="20211210 13:21:11.079" endtime="20211210 13:21:11.079"/>
</kw>
<status status="NOT RUN" starttime="20211210 13:21:11.079" endtime="20211210 13:21:11.079"/>
</branch>
<status status="PASS" starttime="20211210 13:21:11.077" endtime="20211210 13:21:11.080"/>
</if>
<status status="PASS" starttime="20211210 13:21:06.248" endtime="20211210 13:21:11.080"/>
</test>
<status status="PASS" starttime="20211210 13:21:06.104" endtime="20211210 13:21:11.089"/>
</suite>
<statistics>
<total>
<stat pass="1" fail="0" skip="0">All Tests</stat>
</total>
<tag>
</tag>
<suite>
<stat pass="1" fail="0" skip="0" id="s1" name="testTransmissionSpeed">testTransmissionSpeed</stat>
</suite>
</statistics>
<errors>
</errors>
</robot>
