<?xml version="1.0" encoding="UTF-8"?>
<robot generator="Robot 4.1.1 (Python 3.8.10 on linux)" generated="20211210 13:21:34.251" rpa="false" schemaversion="2">
<suite id="s1" name="testOpenPorts" source="/var/lib/jenkins/test_repository/OBU-vOBU-3/tests/open_ports/testOpenPorts.robot">
<test id="s1-t1" name="Testing the open ports">
<kw name="Open Ports" library="OpenPorts">
<var>${open_ports_status}</var>
<msg timestamp="20211210 13:21:34.375" level="INFO">[Open Port]
Port: 22
Protocol: tcp
Service: ssh
{('22', 'tcp')}</msg>
<msg timestamp="20211210 13:21:34.377" level="INFO">${open_ports_status} = 0</msg>
<status status="PASS" starttime="20211210 13:21:34.295" endtime="20211210 13:21:34.377"/>
</kw>
<if>
<branch type="IF" condition="'${open_ports_status}' == '0'">
<kw name="Pass Execution" library="BuiltIn">
<arg>\nSuccess</arg>
<doc>Skips rest of the current test, setup, or teardown with PASS status.</doc>
<msg timestamp="20211210 13:21:34.380" level="INFO">Execution passed with message:
Success</msg>
<status status="PASS" starttime="20211210 13:21:34.379" endtime="20211210 13:21:34.382"/>
</kw>
<status status="PASS" starttime="20211210 13:21:34.379" endtime="20211210 13:21:34.382"/>
</branch>
<branch type="ELSE IF" condition="'${open_ports_status}' == '1'">
<kw name="Fail" library="BuiltIn">
<arg>\nInputs were wrongly defined</arg>
<doc>Fails the test with the given message and optionally alters its tags.</doc>
<status status="NOT RUN" starttime="20211210 13:21:34.382" endtime="20211210 13:21:34.382"/>
</kw>
<status status="NOT RUN" starttime="20211210 13:21:34.382" endtime="20211210 13:21:34.382"/>
</branch>
<branch type="ELSE IF" condition="'${open_ports_status}' == '2'">
<kw name="Fail" library="BuiltIn">
<arg>\nCould not scan the host open ports</arg>
<doc>Fails the test with the given message and optionally alters its tags.</doc>
<status status="NOT RUN" starttime="20211210 13:21:34.382" endtime="20211210 13:21:34.382"/>
</kw>
<status status="NOT RUN" starttime="20211210 13:21:34.382" endtime="20211210 13:21:34.382"/>
</branch>
<branch type="ELSE IF" condition="'${open_ports_status}' == '3'">
<kw name="Fail" library="BuiltIn">
<arg>\nThe open ports are not the ones expected</arg>
<doc>Fails the test with the given message and optionally alters its tags.</doc>
<status status="NOT RUN" starttime="20211210 13:21:34.383" endtime="20211210 13:21:34.383"/>
</kw>
<status status="NOT RUN" starttime="20211210 13:21:34.383" endtime="20211210 13:21:34.383"/>
</branch>
<branch type="ELSE">
<kw name="Fail" library="BuiltIn">
<arg>\nUnknown Error</arg>
<doc>Fails the test with the given message and optionally alters its tags.</doc>
<status status="NOT RUN" starttime="20211210 13:21:34.383" endtime="20211210 13:21:34.383"/>
</kw>
<status status="NOT RUN" starttime="20211210 13:21:34.383" endtime="20211210 13:21:34.383"/>
</branch>
<status status="PASS" starttime="20211210 13:21:34.377" endtime="20211210 13:21:34.383"/>
</if>
<status status="PASS" starttime="20211210 13:21:34.294" endtime="20211210 13:21:34.383">Success</status>
</test>
<status status="PASS" starttime="20211210 13:21:34.252" endtime="20211210 13:21:34.384"/>
</suite>
<statistics>
<total>
<stat pass="1" fail="0" skip="0">All Tests</stat>
</total>
<tag>
</tag>
<suite>
<stat pass="1" fail="0" skip="0" id="s1" name="testOpenPorts">testOpenPorts</stat>
</suite>
</statistics>
<errors>
</errors>
</robot>
