<?xml version="1.0" encoding="UTF-8"?>
<robot generator="Robot 4.1.1 (Python 3.8.10 on linux)" generated="20211210 13:21:11.861" rpa="false" schemaversion="2">
<suite id="s1" name="testPacketLoss" source="/var/lib/jenkins/test_repository/OBU-vOBU-3/tests/packet_loss/testPacketLoss.robot">
<test id="s1-t1" name="Testing the packet loss percentage">
<kw name="Run Keyword If" library="BuiltIn">
<var>${COMPARATOR}</var>
<arg>'%{packet_loss_comparator}' == 'more_than'</arg>
<arg>Set Variable</arg>
<arg>&gt;</arg>
<arg>ELSE IF</arg>
<arg>'%{packet_loss_comparator}' == 'more_or_equal_than'</arg>
<arg>Set Variable</arg>
<arg>&gt;=</arg>
<arg>ELSE IF</arg>
<arg>'%{packet_loss_comparator}' == 'less_than'</arg>
<arg>Set Variable</arg>
<arg>&lt;</arg>
<arg>ELSE IF</arg>
<arg>'%{packet_loss_comparator}' == 'less_or_equal_than'</arg>
<arg>Set Variable</arg>
<arg>&lt;=</arg>
<arg>ELSE</arg>
<arg>Fail</arg>
<arg>\nComparator has not been defined</arg>
<doc>Runs the given keyword with the given arguments, if ``condition`` is true.</doc>
<kw name="Set Variable" library="BuiltIn">
<arg>&lt;=</arg>
<doc>Returns the given values which can then be assigned to a variables.</doc>
<status status="PASS" starttime="20211210 13:21:11.995" endtime="20211210 13:21:11.995"/>
</kw>
<msg timestamp="20211210 13:21:11.996" level="INFO">${COMPARATOR} = &lt;=</msg>
<status status="PASS" starttime="20211210 13:21:11.993" endtime="20211210 13:21:11.996"/>
</kw>
<kw name="Packet Loss" library="PacketLoss">
<var>${loss_percentage}</var>
<msg timestamp="20211210 13:21:32.161" level="INFO">${loss_percentage} = 0.0</msg>
<status status="PASS" starttime="20211210 13:21:11.996" endtime="20211210 13:21:32.162"/>
</kw>
<if>
<branch type="IF" condition="'${loss_percentage}' != '-1'">
<kw name="Should Be True" library="BuiltIn">
<arg>${loss_percentage} ${COMPARATOR} %{packet_loss_threshold}</arg>
<doc>Fails if the given condition is not true.</doc>
<status status="PASS" starttime="20211210 13:21:32.162" endtime="20211210 13:21:32.163"/>
</kw>
<status status="PASS" starttime="20211210 13:21:32.162" endtime="20211210 13:21:32.163"/>
</branch>
<branch type="ELSE">
<kw name="Fail" library="BuiltIn">
<arg>\nImpossible to compute packet loss percentage</arg>
<doc>Fails the test with the given message and optionally alters its tags.</doc>
<status status="NOT RUN" starttime="20211210 13:21:32.164" endtime="20211210 13:21:32.164"/>
</kw>
<status status="NOT RUN" starttime="20211210 13:21:32.164" endtime="20211210 13:21:32.164"/>
</branch>
<status status="PASS" starttime="20211210 13:21:32.162" endtime="20211210 13:21:32.164"/>
</if>
<status status="PASS" starttime="20211210 13:21:11.993" endtime="20211210 13:21:32.164"/>
</test>
<status status="PASS" starttime="20211210 13:21:11.862" endtime="20211210 13:21:32.166"/>
</suite>
<statistics>
<total>
<stat pass="1" fail="0" skip="0">All Tests</stat>
</total>
<tag>
</tag>
<suite>
<stat pass="1" fail="0" skip="0" id="s1" name="testPacketLoss">testPacketLoss</stat>
</suite>
</statistics>
<errors>
</errors>
</robot>
