<?xml version="1.0" encoding="UTF-8"?>
<robot generator="Robot 4.1.1 (Python 3.8.10 on linux)" generated="20211210 13:21:02.317" rpa="false" schemaversion="2">
<suite id="s1" name="testBandwidth" source="/var/lib/jenkins/test_repository/OBU-vOBU-3/tests/bandwidth/testBandwidth.robot">
<test id="s1-t1" name="Testing if the bandwidth is more_than 0.5 mbits/sec">
<kw name="Run Keyword If" library="BuiltIn">
<var>${COMPARATOR}</var>
<arg>'%{bandwidth_comparator}' == 'more_than'</arg>
<arg>Set Variable</arg>
<arg>&gt;</arg>
<arg>ELSE IF</arg>
<arg>'%{bandwidth_comparator}' == 'more_or_equal_than'</arg>
<arg>Set Variable</arg>
<arg>&gt;=</arg>
<arg>ELSE IF</arg>
<arg>'%{bandwidth_comparator}' == 'less_than'</arg>
<arg>Set Variable</arg>
<arg>&lt;</arg>
<arg>ELSE IF</arg>
<arg>'%{bandwidth_comparator}' == 'less_or_equal_than'</arg>
<arg>Set Variable</arg>
<arg>&lt;=</arg>
<arg>ELSE</arg>
<arg>Fail</arg>
<arg>\nComparator has not been defined</arg>
<doc>Runs the given keyword with the given arguments, if ``condition`` is true.</doc>
<kw name="Set Variable" library="BuiltIn">
<arg>&gt;</arg>
<doc>Returns the given values which can then be assigned to a variables.</doc>
<status status="PASS" starttime="20211210 13:21:02.447" endtime="20211210 13:21:02.447"/>
</kw>
<msg timestamp="20211210 13:21:02.447" level="INFO">${COMPARATOR} = &gt;</msg>
<status status="PASS" starttime="20211210 13:21:02.446" endtime="20211210 13:21:02.447"/>
</kw>
<kw name="Bandwidth" library="Bandwidth">
<var>${mbits_sec}</var>
<msg timestamp="20211210 13:21:05.270" level="INFO">(&lt;paramiko.ChannelFile from &lt;paramiko.Channel 0 (open) window=2097152 -&gt; &lt;paramiko.Transport at 0x75892af0 (cipher aes128-ctr, 128 bits) (active; 1 open channel(s))&gt;&gt;&gt;, &lt;paramiko.ChannelFile from &lt;paramiko.Channel 0 (open) window=2097152 -&gt; &lt;paramiko.Transport at 0x75892af0 (cipher aes128-ctr, 128 bits) (active; 1 open channel(s))&gt;&gt;&gt;, &lt;paramiko.ChannelFile from &lt;paramiko.Channel 0 (open) window=2097152 -&gt; &lt;paramiko.Transport at 0x75892af0 (cipher aes128-ctr, 128 bits) (active; 1 open channel(s))&gt;&gt;&gt;)</msg>
<msg timestamp="20211210 13:21:05.270" level="INFO">${mbits_sec} = Not found</msg>
<status status="PASS" starttime="20211210 13:21:02.448" endtime="20211210 13:21:05.270"/>
</kw>
<if>
<branch type="IF" condition="'${mbits_sec}' != '-1'">
<kw name="Should Be True" library="BuiltIn">
<arg>${mbits_sec} ${COMPARATOR} %{bandwidth_threshold}</arg>
<doc>Fails if the given condition is not true.</doc>
<msg timestamp="20211210 13:21:05.273" level="FAIL">Evaluating expression 'Not found &gt; 0.5' failed: SyntaxError: invalid syntax (&lt;string&gt;, line 1)</msg>
<status status="FAIL" starttime="20211210 13:21:05.271" endtime="20211210 13:21:05.273"/>
</kw>
<status status="FAIL" starttime="20211210 13:21:05.271" endtime="20211210 13:21:05.274"/>
</branch>
<branch type="ELSE">
<kw name="Fail" library="BuiltIn">
<arg>\nImpossible to compute bandwidth</arg>
<doc>Fails the test with the given message and optionally alters its tags.</doc>
<status status="NOT RUN" starttime="20211210 13:21:05.274" endtime="20211210 13:21:05.274"/>
</kw>
<status status="NOT RUN" starttime="20211210 13:21:05.274" endtime="20211210 13:21:05.274"/>
</branch>
<status status="FAIL" starttime="20211210 13:21:05.270" endtime="20211210 13:21:05.274"/>
</if>
<status status="FAIL" starttime="20211210 13:21:02.446" endtime="20211210 13:21:05.275">Evaluating expression 'Not found &gt; 0.5' failed: SyntaxError: invalid syntax (&lt;string&gt;, line 1)</status>
</test>
<status status="FAIL" starttime="20211210 13:21:02.318" endtime="20211210 13:21:05.276"/>
</suite>
<statistics>
<total>
<stat pass="0" fail="1" skip="0">All Tests</stat>
</total>
<tag>
</tag>
<suite>
<stat pass="0" fail="1" skip="0" id="s1" name="testBandwidth">testBandwidth</stat>
</suite>
</statistics>
<errors>
</errors>
</robot>
